CRITICAL - 2022-04-12 01:36:39 --> session_destroy(): Trying to destroy uninitialized session
#0 [internal function]: CodeIgniter\Debug\Exceptions->errorHandler(2, 'session_destroy...', 'C:\\xampp_CodeIg...', 120, Array)
#1 C:\xampp_CodeIgniter\htdocs\ecommerce\app\Controllers\Login.php(120): session_destroy()
#2 C:\xampp_CodeIgniter\htdocs\ecommerce\system\CodeIgniter.php(832): App\Controllers\Login->exit()
#3 C:\xampp_CodeIgniter\htdocs\ecommerce\system\CodeIgniter.php(419): CodeIgniter\CodeIgniter->runController(Object(App\Controllers\Login))
#4 C:\xampp_CodeIgniter\htdocs\ecommerce\system\CodeIgniter.php(326): CodeIgniter\CodeIgniter->handleRequest(NULL, Object(Config\Cache), false)
#5 C:\xampp_CodeIgniter\htdocs\ecommerce\public\index.php(37): CodeIgniter\CodeIgniter->run()
#6 {main}
ERROR - 2022-04-12 01:40:21 --> Duplicate entry 'riicardo.gobbo@edu.iisleviponti.it' for key 'email'
CRITICAL - 2022-04-12 01:40:21 --> Duplicate entry 'riicardo.gobbo@edu.iisleviponti.it' for key 'email'
#0 C:\xampp_CodeIgniter\htdocs\ecommerce\system\Database\MySQLi\Connection.php(292): mysqli->query('INSERT INTO `ut...', 0)
#1 C:\xampp_CodeIgniter\htdocs\ecommerce\system\Database\BaseConnection.php(670): CodeIgniter\Database\MySQLi\Connection->execute('INSERT INTO `ut...')
#2 C:\xampp_CodeIgniter\htdocs\ecommerce\system\Database\BaseConnection.php(598): CodeIgniter\Database\BaseConnection->simpleQuery('INSERT INTO `ut...')
#3 C:\xampp_CodeIgniter\htdocs\ecommerce\system\Database\BaseBuilder.php(1771): CodeIgniter\Database\BaseConnection->query('INSERT INTO `ut...', Array, false)
#4 C:\xampp_CodeIgniter\htdocs\ecommerce\system\Model.php(239): CodeIgniter\Database\BaseBuilder->insert()
#5 C:\xampp_CodeIgniter\htdocs\ecommerce\system\BaseModel.php(738): CodeIgniter\Model->doInsert(Array)
#6 C:\xampp_CodeIgniter\htdocs\ecommerce\system\Model.php(625): CodeIgniter\BaseModel->insert(Array, true)
#7 C:\xampp_CodeIgniter\htdocs\ecommerce\app\Controllers\Login.php(108): CodeIgniter\Model->insert(Array)
#8 C:\xampp_CodeIgniter\htdocs\ecommerce\system\CodeIgniter.php(832): App\Controllers\Login->register()
#9 C:\xampp_CodeIgniter\htdocs\ecommerce\system\CodeIgniter.php(419): CodeIgniter\CodeIgniter->runController(Object(App\Controllers\Login))
#10 C:\xampp_CodeIgniter\htdocs\ecommerce\system\CodeIgniter.php(326): CodeIgniter\CodeIgniter->handleRequest(NULL, Object(Config\Cache), false)
#11 C:\xampp_CodeIgniter\htdocs\ecommerce\public\index.php(37): CodeIgniter\CodeIgniter->run()
#12 {main}
ERROR - 2022-04-12 01:42:48 --> Duplicate entry 'riicardo.gobbo@edu.iisleviponti.it' for key 'email'
ERROR - 2022-04-12 01:43:30 --> Duplicate entry 'riicardo.gobbo@edu.iisleviponti.it' for key 'email'
ERROR - 2022-04-12 01:44:50 --> Duplicate entry 'riicardo.gobbo@edu.iisleviponti.it' for key 'email'
ERROR - 2022-04-12 01:45:48 --> Duplicate entry 'riicardo.gobbo@edu.iisleviponti.it' for key 'email'
CRITICAL - 2022-04-12 01:45:48 --> Cannot use object of type mysqli_sql_exception as array
#0 C:\xampp_CodeIgniter\htdocs\ecommerce\system\CodeIgniter.php(832): App\Controllers\Login->register()
#1 C:\xampp_CodeIgniter\htdocs\ecommerce\system\CodeIgniter.php(419): CodeIgniter\CodeIgniter->runController(Object(App\Controllers\Login))
#2 C:\xampp_CodeIgniter\htdocs\ecommerce\system\CodeIgniter.php(326): CodeIgniter\CodeIgniter->handleRequest(NULL, Object(Config\Cache), false)
#3 C:\xampp_CodeIgniter\htdocs\ecommerce\public\index.php(37): CodeIgniter\CodeIgniter->run()
#4 {main}
ERROR - 2022-04-12 01:46:22 --> Duplicate entry 'riicardo.gobbo@edu.iisleviponti.it' for key 'email'
CRITICAL - 2022-04-12 12:37:49 --> syntax error, unexpected '}', expecting ';' or ','
#0 C:\xampp_CodeIgniter\htdocs\ecommerce\system\View\View.php(213): CodeIgniter\View\View->CodeIgniter\View\{closure}()
#1 C:\xampp_CodeIgniter\htdocs\ecommerce\system\Common.php(1089): CodeIgniter\View\View->render('advertisement/n...', Array, true)
#2 C:\xampp_CodeIgniter\htdocs\ecommerce\app\Controllers\Advertisement.php(35): view('advertisement/n...')
#3 C:\xampp_CodeIgniter\htdocs\ecommerce\system\CodeIgniter.php(832): App\Controllers\Advertisement->new()
#4 C:\xampp_CodeIgniter\htdocs\ecommerce\system\CodeIgniter.php(419): CodeIgniter\CodeIgniter->runController(Object(App\Controllers\Advertisement))
#5 C:\xampp_CodeIgniter\htdocs\ecommerce\system\CodeIgniter.php(326): CodeIgniter\CodeIgniter->handleRequest(NULL, Object(Config\Cache), false)
#6 C:\xampp_CodeIgniter\htdocs\ecommerce\public\index.php(37): CodeIgniter\CodeIgniter->run()
#7 {main}
CRITICAL - 2022-04-12 12:38:08 --> Undefined variable: c
#0 C:\xampp_CodeIgniter\htdocs\ecommerce\app\Views\advertisement\new.php(17): CodeIgniter\Debug\Exceptions->errorHandler(8, 'Undefined varia...', 'C:\\xampp_CodeIg...', 17, Array)
#1 C:\xampp_CodeIgniter\htdocs\ecommerce\system\View\View.php(210): include('C:\\xampp_CodeIg...')
#2 C:\xampp_CodeIgniter\htdocs\ecommerce\system\View\View.php(213): CodeIgniter\View\View->CodeIgniter\View\{closure}()
#3 C:\xampp_CodeIgniter\htdocs\ecommerce\system\Common.php(1089): CodeIgniter\View\View->render('advertisement/n...', Array, true)
#4 C:\xampp_CodeIgniter\htdocs\ecommerce\app\Controllers\Advertisement.php(35): view('advertisement/n...')
#5 C:\xampp_CodeIgniter\htdocs\ecommerce\system\CodeIgniter.php(832): App\Controllers\Advertisement->new()
#6 C:\xampp_CodeIgniter\htdocs\ecommerce\system\CodeIgniter.php(419): CodeIgniter\CodeIgniter->runController(Object(App\Controllers\Advertisement))
#7 C:\xampp_CodeIgniter\htdocs\ecommerce\system\CodeIgniter.php(326): CodeIgniter\CodeIgniter->handleRequest(NULL, Object(Config\Cache), false)
#8 C:\xampp_CodeIgniter\htdocs\ecommerce\public\index.php(37): CodeIgniter\CodeIgniter->run()
#9 {main}
CRITICAL - 2022-04-12 12:38:34 --> Undefined variable: c
#0 C:\xampp_CodeIgniter\htdocs\ecommerce\app\Views\advertisement\new.php(17): CodeIgniter\Debug\Exceptions->errorHandler(8, 'Undefined varia...', 'C:\\xampp_CodeIg...', 17, Array)
#1 C:\xampp_CodeIgniter\htdocs\ecommerce\system\View\View.php(210): include('C:\\xampp_CodeIg...')
#2 C:\xampp_CodeIgniter\htdocs\ecommerce\system\View\View.php(213): CodeIgniter\View\View->CodeIgniter\View\{closure}()
#3 C:\xampp_CodeIgniter\htdocs\ecommerce\system\Common.php(1089): CodeIgniter\View\View->render('advertisement/n...', Array, true)
#4 C:\xampp_CodeIgniter\htdocs\ecommerce\app\Controllers\Advertisement.php(35): view('advertisement/n...')
#5 C:\xampp_CodeIgniter\htdocs\ecommerce\system\CodeIgniter.php(832): App\Controllers\Advertisement->new()
#6 C:\xampp_CodeIgniter\htdocs\ecommerce\system\CodeIgniter.php(419): CodeIgniter\CodeIgniter->runController(Object(App\Controllers\Advertisement))
#7 C:\xampp_CodeIgniter\htdocs\ecommerce\system\CodeIgniter.php(326): CodeIgniter\CodeIgniter->handleRequest(NULL, Object(Config\Cache), false)
#8 C:\xampp_CodeIgniter\htdocs\ecommerce\public\index.php(37): CodeIgniter\CodeIgniter->run()
#9 {main}
CRITICAL - 2022-04-12 12:39:16 --> Undefined variable: condizioni
#0 C:\xampp_CodeIgniter\htdocs\ecommerce\app\Views\advertisement\new.php(17): CodeIgniter\Debug\Exceptions->errorHandler(8, 'Undefined varia...', 'C:\\xampp_CodeIg...', 17, Array)
#1 C:\xampp_CodeIgniter\htdocs\ecommerce\system\View\View.php(210): include('C:\\xampp_CodeIg...')
#2 C:\xampp_CodeIgniter\htdocs\ecommerce\system\View\View.php(213): CodeIgniter\View\View->CodeIgniter\View\{closure}()
#3 C:\xampp_CodeIgniter\htdocs\ecommerce\system\Common.php(1089): CodeIgniter\View\View->render('advertisement/n...', Array, true)
#4 C:\xampp_CodeIgniter\htdocs\ecommerce\app\Controllers\Advertisement.php(35): view('advertisement/n...')
#5 C:\xampp_CodeIgniter\htdocs\ecommerce\system\CodeIgniter.php(832): App\Controllers\Advertisement->new()
#6 C:\xampp_CodeIgniter\htdocs\ecommerce\system\CodeIgniter.php(419): CodeIgniter\CodeIgniter->runController(Object(App\Controllers\Advertisement))
#7 C:\xampp_CodeIgniter\htdocs\ecommerce\system\CodeIgniter.php(326): CodeIgniter\CodeIgniter->handleRequest(NULL, Object(Config\Cache), false)
#8 C:\xampp_CodeIgniter\htdocs\ecommerce\public\index.php(37): CodeIgniter\CodeIgniter->run()
#9 {main}
CRITICAL - 2022-04-12 12:39:17 --> Undefined variable: condizioni
#0 C:\xampp_CodeIgniter\htdocs\ecommerce\app\Views\advertisement\new.php(17): CodeIgniter\Debug\Exceptions->errorHandler(8, 'Undefined varia...', 'C:\\xampp_CodeIg...', 17, Array)
#1 C:\xampp_CodeIgniter\htdocs\ecommerce\system\View\View.php(210): include('C:\\xampp_CodeIg...')
#2 C:\xampp_CodeIgniter\htdocs\ecommerce\system\View\View.php(213): CodeIgniter\View\View->CodeIgniter\View\{closure}()
#3 C:\xampp_CodeIgniter\htdocs\ecommerce\system\Common.php(1089): CodeIgniter\View\View->render('advertisement/n...', Array, true)
#4 C:\xampp_CodeIgniter\htdocs\ecommerce\app\Controllers\Advertisement.php(35): view('advertisement/n...')
#5 C:\xampp_CodeIgniter\htdocs\ecommerce\system\CodeIgniter.php(832): App\Controllers\Advertisement->new()
#6 C:\xampp_CodeIgniter\htdocs\ecommerce\system\CodeIgniter.php(419): CodeIgniter\CodeIgniter->runController(Object(App\Controllers\Advertisement))
#7 C:\xampp_CodeIgniter\htdocs\ecommerce\system\CodeIgniter.php(326): CodeIgniter\CodeIgniter->handleRequest(NULL, Object(Config\Cache), false)
#8 C:\xampp_CodeIgniter\htdocs\ecommerce\public\index.php(37): CodeIgniter\CodeIgniter->run()
#9 {main}
CRITICAL - 2022-04-12 12:39:17 --> Undefined variable: condizioni
#0 C:\xampp_CodeIgniter\htdocs\ecommerce\app\Views\advertisement\new.php(17): CodeIgniter\Debug\Exceptions->errorHandler(8, 'Undefined varia...', 'C:\\xampp_CodeIg...', 17, Array)
#1 C:\xampp_CodeIgniter\htdocs\ecommerce\system\View\View.php(210): include('C:\\xampp_CodeIg...')
#2 C:\xampp_CodeIgniter\htdocs\ecommerce\system\View\View.php(213): CodeIgniter\View\View->CodeIgniter\View\{closure}()
#3 C:\xampp_CodeIgniter\htdocs\ecommerce\system\Common.php(1089): CodeIgniter\View\View->render('advertisement/n...', Array, true)
#4 C:\xampp_CodeIgniter\htdocs\ecommerce\app\Controllers\Advertisement.php(35): view('advertisement/n...')
#5 C:\xampp_CodeIgniter\htdocs\ecommerce\system\CodeIgniter.php(832): App\Controllers\Advertisement->new()
#6 C:\xampp_CodeIgniter\htdocs\ecommerce\system\CodeIgniter.php(419): CodeIgniter\CodeIgniter->runController(Object(App\Controllers\Advertisement))
#7 C:\xampp_CodeIgniter\htdocs\ecommerce\system\CodeIgniter.php(326): CodeIgniter\CodeIgniter->handleRequest(NULL, Object(Config\Cache), false)
#8 C:\xampp_CodeIgniter\htdocs\ecommerce\public\index.php(37): CodeIgniter\CodeIgniter->run()
#9 {main}
CRITICAL - 2022-04-12 12:39:18 --> Undefined variable: condizioni
#0 C:\xampp_CodeIgniter\htdocs\ecommerce\app\Views\advertisement\new.php(17): CodeIgniter\Debug\Exceptions->errorHandler(8, 'Undefined varia...', 'C:\\xampp_CodeIg...', 17, Array)
#1 C:\xampp_CodeIgniter\htdocs\ecommerce\system\View\View.php(210): include('C:\\xampp_CodeIg...')
#2 C:\xampp_CodeIgniter\htdocs\ecommerce\system\View\View.php(213): CodeIgniter\View\View->CodeIgniter\View\{closure}()
#3 C:\xampp_CodeIgniter\htdocs\ecommerce\system\Common.php(1089): CodeIgniter\View\View->render('advertisement/n...', Array, true)
#4 C:\xampp_CodeIgniter\htdocs\ecommerce\app\Controllers\Advertisement.php(35): view('advertisement/n...')
#5 C:\xampp_CodeIgniter\htdocs\ecommerce\system\CodeIgniter.php(832): App\Controllers\Advertisement->new()
#6 C:\xampp_CodeIgniter\htdocs\ecommerce\system\CodeIgniter.php(419): CodeIgniter\CodeIgniter->runController(Object(App\Controllers\Advertisement))
#7 C:\xampp_CodeIgniter\htdocs\ecommerce\system\CodeIgniter.php(326): CodeIgniter\CodeIgniter->handleRequest(NULL, Object(Config\Cache), false)
#8 C:\xampp_CodeIgniter\htdocs\ecommerce\public\index.php(37): CodeIgniter\CodeIgniter->run()
#9 {main}
CRITICAL - 2022-04-12 12:39:18 --> Undefined variable: condizioni
#0 C:\xampp_CodeIgniter\htdocs\ecommerce\app\Views\advertisement\new.php(17): CodeIgniter\Debug\Exceptions->errorHandler(8, 'Undefined varia...', 'C:\\xampp_CodeIg...', 17, Array)
#1 C:\xampp_CodeIgniter\htdocs\ecommerce\system\View\View.php(210): include('C:\\xampp_CodeIg...')
#2 C:\xampp_CodeIgniter\htdocs\ecommerce\system\View\View.php(213): CodeIgniter\View\View->CodeIgniter\View\{closure}()
#3 C:\xampp_CodeIgniter\htdocs\ecommerce\system\Common.php(1089): CodeIgniter\View\View->render('advertisement/n...', Array, true)
#4 C:\xampp_CodeIgniter\htdocs\ecommerce\app\Controllers\Advertisement.php(35): view('advertisement/n...')
#5 C:\xampp_CodeIgniter\htdocs\ecommerce\system\CodeIgniter.php(832): App\Controllers\Advertisement->new()
#6 C:\xampp_CodeIgniter\htdocs\ecommerce\system\CodeIgniter.php(419): CodeIgniter\CodeIgniter->runController(Object(App\Controllers\Advertisement))
#7 C:\xampp_CodeIgniter\htdocs\ecommerce\system\CodeIgniter.php(326): CodeIgniter\CodeIgniter->handleRequest(NULL, Object(Config\Cache), false)
#8 C:\xampp_CodeIgniter\htdocs\ecommerce\public\index.php(37): CodeIgniter\CodeIgniter->run()
#9 {main}
CRITICAL - 2022-04-12 12:39:36 --> Array to string conversion
#0 C:\xampp_CodeIgniter\htdocs\ecommerce\app\Views\advertisement\new.php(18): CodeIgniter\Debug\Exceptions->errorHandler(8, 'Array to string...', 'C:\\xampp_CodeIg...', 18, Array)
#1 C:\xampp_CodeIgniter\htdocs\ecommerce\system\View\View.php(210): include('C:\\xampp_CodeIg...')
#2 C:\xampp_CodeIgniter\htdocs\ecommerce\system\View\View.php(213): CodeIgniter\View\View->CodeIgniter\View\{closure}()
#3 C:\xampp_CodeIgniter\htdocs\ecommerce\system\Common.php(1089): CodeIgniter\View\View->render('advertisement/n...', Array, true)
#4 C:\xampp_CodeIgniter\htdocs\ecommerce\app\Controllers\Advertisement.php(35): view('advertisement/n...', Array)
#5 C:\xampp_CodeIgniter\htdocs\ecommerce\system\CodeIgniter.php(832): App\Controllers\Advertisement->new()
#6 C:\xampp_CodeIgniter\htdocs\ecommerce\system\CodeIgniter.php(419): CodeIgniter\CodeIgniter->runController(Object(App\Controllers\Advertisement))
#7 C:\xampp_CodeIgniter\htdocs\ecommerce\system\CodeIgniter.php(326): CodeIgniter\CodeIgniter->handleRequest(NULL, Object(Config\Cache), false)
#8 C:\xampp_CodeIgniter\htdocs\ecommerce\public\index.php(37): CodeIgniter\CodeIgniter->run()
#9 {main}
CRITICAL - 2022-04-12 12:39:37 --> Array to string conversion
#0 C:\xampp_CodeIgniter\htdocs\ecommerce\app\Views\advertisement\new.php(18): CodeIgniter\Debug\Exceptions->errorHandler(8, 'Array to string...', 'C:\\xampp_CodeIg...', 18, Array)
#1 C:\xampp_CodeIgniter\htdocs\ecommerce\system\View\View.php(210): include('C:\\xampp_CodeIg...')
#2 C:\xampp_CodeIgniter\htdocs\ecommerce\system\View\View.php(213): CodeIgniter\View\View->CodeIgniter\View\{closure}()
#3 C:\xampp_CodeIgniter\htdocs\ecommerce\system\Common.php(1089): CodeIgniter\View\View->render('advertisement/n...', Array, true)
#4 C:\xampp_CodeIgniter\htdocs\ecommerce\app\Controllers\Advertisement.php(35): view('advertisement/n...', Array)
#5 C:\xampp_CodeIgniter\htdocs\ecommerce\system\CodeIgniter.php(832): App\Controllers\Advertisement->new()
#6 C:\xampp_CodeIgniter\htdocs\ecommerce\system\CodeIgniter.php(419): CodeIgniter\CodeIgniter->runController(Object(App\Controllers\Advertisement))
#7 C:\xampp_CodeIgniter\htdocs\ecommerce\system\CodeIgniter.php(326): CodeIgniter\CodeIgniter->handleRequest(NULL, Object(Config\Cache), false)
#8 C:\xampp_CodeIgniter\htdocs\ecommerce\public\index.php(37): CodeIgniter\CodeIgniter->run()
#9 {main}
