CRITICAL - 2022-04-07 04:00:39 --> syntax error, unexpected '}'
#0 C:\xampp_CodeIgniter\htdocs\ecommerce\system\Router\Router.php(175): CodeIgniter\Router\Router->autoRoute('login')
#1 C:\xampp_CodeIgniter\htdocs\ecommerce\system\CodeIgniter.php(726): CodeIgniter\Router\Router->handle('login')
#2 C:\xampp_CodeIgniter\htdocs\ecommerce\system\CodeIgniter.php(368): CodeIgniter\CodeIgniter->tryToRouteIt(Object(CodeIgniter\Router\RouteCollection))
#3 C:\xampp_CodeIgniter\htdocs\ecommerce\system\CodeIgniter.php(326): CodeIgniter\CodeIgniter->handleRequest(NULL, Object(Config\Cache), false)
#4 C:\xampp_CodeIgniter\htdocs\ecommerce\public\index.php(37): CodeIgniter\CodeIgniter->run()
#5 {main}
CRITICAL - 2022-04-07 04:00:49 --> syntax error, unexpected '}'
#0 C:\xampp_CodeIgniter\htdocs\ecommerce\system\Router\Router.php(175): CodeIgniter\Router\Router->autoRoute('login')
#1 C:\xampp_CodeIgniter\htdocs\ecommerce\system\CodeIgniter.php(726): CodeIgniter\Router\Router->handle('login')
#2 C:\xampp_CodeIgniter\htdocs\ecommerce\system\CodeIgniter.php(368): CodeIgniter\CodeIgniter->tryToRouteIt(Object(CodeIgniter\Router\RouteCollection))
#3 C:\xampp_CodeIgniter\htdocs\ecommerce\system\CodeIgniter.php(326): CodeIgniter\CodeIgniter->handleRequest(NULL, Object(Config\Cache), false)
#4 C:\xampp_CodeIgniter\htdocs\ecommerce\public\index.php(37): CodeIgniter\CodeIgniter->run()
#5 {main}
CRITICAL - 2022-04-07 04:50:48 --> syntax error, unexpected end of file
#0 C:\xampp_CodeIgniter\htdocs\ecommerce\system\View\View.php(213): CodeIgniter\View\View->CodeIgniter\View\{closure}()
#1 C:\xampp_CodeIgniter\htdocs\ecommerce\system\Common.php(1089): CodeIgniter\View\View->render('login/login', Array, true)
#2 C:\xampp_CodeIgniter\htdocs\ecommerce\app\Controllers\Login.php(13): view('login/login')
#3 C:\xampp_CodeIgniter\htdocs\ecommerce\system\CodeIgniter.php(832): App\Controllers\Login->index()
#4 C:\xampp_CodeIgniter\htdocs\ecommerce\system\CodeIgniter.php(419): CodeIgniter\CodeIgniter->runController(Object(App\Controllers\Login))
#5 C:\xampp_CodeIgniter\htdocs\ecommerce\system\CodeIgniter.php(326): CodeIgniter\CodeIgniter->handleRequest(NULL, Object(Config\Cache), false)
#6 C:\xampp_CodeIgniter\htdocs\ecommerce\public\index.php(37): CodeIgniter\CodeIgniter->run()
#7 {main}
CRITICAL - 2022-04-07 04:51:10 --> syntax error, unexpected end of file
#0 C:\xampp_CodeIgniter\htdocs\ecommerce\system\View\View.php(213): CodeIgniter\View\View->CodeIgniter\View\{closure}()
#1 C:\xampp_CodeIgniter\htdocs\ecommerce\system\Common.php(1089): CodeIgniter\View\View->render('login/login', Array, true)
#2 C:\xampp_CodeIgniter\htdocs\ecommerce\app\Controllers\Login.php(13): view('login/login')
#3 C:\xampp_CodeIgniter\htdocs\ecommerce\system\CodeIgniter.php(832): App\Controllers\Login->index()
#4 C:\xampp_CodeIgniter\htdocs\ecommerce\system\CodeIgniter.php(419): CodeIgniter\CodeIgniter->runController(Object(App\Controllers\Login))
#5 C:\xampp_CodeIgniter\htdocs\ecommerce\system\CodeIgniter.php(326): CodeIgniter\CodeIgniter->handleRequest(NULL, Object(Config\Cache), false)
#6 C:\xampp_CodeIgniter\htdocs\ecommerce\public\index.php(37): CodeIgniter\CodeIgniter->run()
#7 {main}
