CRITICAL - 2022-05-12 02:42:54 --> Undefined index: preferito
#0 C:\xampp_CodeIgniter\htdocs\ecommerce\app\Views\advertisement\details\body.php(27): CodeIgniter\Debug\Exceptions->errorHandler(8, 'Undefined index...', 'C:\\xampp_CodeIg...', 27, Array)
#1 C:\xampp_CodeIgniter\htdocs\ecommerce\system\View\View.php(210): include('C:\\xampp_CodeIg...')
#2 C:\xampp_CodeIgniter\htdocs\ecommerce\system\View\View.php(213): CodeIgniter\View\View->CodeIgniter\View\{closure}()
#3 C:\xampp_CodeIgniter\htdocs\ecommerce\system\Common.php(1089): CodeIgniter\View\View->render('advertisement/d...', Array, true)
#4 C:\xampp_CodeIgniter\htdocs\ecommerce\app\Controllers\Annunci.php(225): view('advertisement/d...', Array)
#5 C:\xampp_CodeIgniter\htdocs\ecommerce\system\CodeIgniter.php(832): App\Controllers\Annunci->scheda('55')
#6 C:\xampp_CodeIgniter\htdocs\ecommerce\system\CodeIgniter.php(419): CodeIgniter\CodeIgniter->runController(Object(App\Controllers\Annunci))
#7 C:\xampp_CodeIgniter\htdocs\ecommerce\system\CodeIgniter.php(326): CodeIgniter\CodeIgniter->handleRequest(NULL, Object(Config\Cache), false)
#8 C:\xampp_CodeIgniter\htdocs\ecommerce\public\index.php(37): CodeIgniter\CodeIgniter->run()
#9 {main}
CRITICAL - 2022-05-12 03:18:00 --> Deletes are not allowed unless they contain a "where" or "like" clause.
#0 C:\xampp_CodeIgniter\htdocs\ecommerce\system\Model.php(359): CodeIgniter\Database\BaseBuilder->delete()
#1 C:\xampp_CodeIgniter\htdocs\ecommerce\system\BaseModel.php(963): CodeIgniter\Model->doDelete(NULL, false)
#2 C:\xampp_CodeIgniter\htdocs\ecommerce\app\Controllers\Annunci.php(266): CodeIgniter\BaseModel->delete()
#3 C:\xampp_CodeIgniter\htdocs\ecommerce\system\CodeIgniter.php(832): App\Controllers\Annunci->rimuovipreferito('52')
#4 C:\xampp_CodeIgniter\htdocs\ecommerce\system\CodeIgniter.php(419): CodeIgniter\CodeIgniter->runController(Object(App\Controllers\Annunci))
#5 C:\xampp_CodeIgniter\htdocs\ecommerce\system\CodeIgniter.php(326): CodeIgniter\CodeIgniter->handleRequest(NULL, Object(Config\Cache), false)
#6 C:\xampp_CodeIgniter\htdocs\ecommerce\public\index.php(37): CodeIgniter\CodeIgniter->run()
#7 {main}
CRITICAL - 2022-05-12 05:19:54 --> Undefined offset: 0
#0 C:\xampp_CodeIgniter\htdocs\ecommerce\app\Views\advertisement\components\searchbody.php(13): CodeIgniter\Debug\Exceptions->errorHandler(8, 'Undefined offse...', 'C:\\xampp_CodeIg...', 13, Array)
#1 C:\xampp_CodeIgniter\htdocs\ecommerce\system\View\View.php(210): include('C:\\xampp_CodeIg...')
#2 C:\xampp_CodeIgniter\htdocs\ecommerce\system\View\View.php(213): CodeIgniter\View\View->CodeIgniter\View\{closure}()
#3 C:\xampp_CodeIgniter\htdocs\ecommerce\system\Common.php(1089): CodeIgniter\View\View->render('advertisement/c...', Array, true)
#4 C:\xampp_CodeIgniter\htdocs\ecommerce\app\Views\advertisement\searchindex.php(6): view('advertisement/c...', Array)
#5 C:\xampp_CodeIgniter\htdocs\ecommerce\system\View\View.php(210): include('C:\\xampp_CodeIg...')
#6 C:\xampp_CodeIgniter\htdocs\ecommerce\system\View\View.php(213): CodeIgniter\View\View->CodeIgniter\View\{closure}()
#7 C:\xampp_CodeIgniter\htdocs\ecommerce\system\Common.php(1089): CodeIgniter\View\View->render('advertisement/s...', Array, true)
#8 C:\xampp_CodeIgniter\htdocs\ecommerce\app\Controllers\Annunci.php(52): view('advertisement/s...', Array)
#9 C:\xampp_CodeIgniter\htdocs\ecommerce\system\CodeIgniter.php(832): App\Controllers\Annunci->index()
#10 C:\xampp_CodeIgniter\htdocs\ecommerce\system\CodeIgniter.php(419): CodeIgniter\CodeIgniter->runController(Object(App\Controllers\Annunci))
#11 C:\xampp_CodeIgniter\htdocs\ecommerce\system\CodeIgniter.php(326): CodeIgniter\CodeIgniter->handleRequest(NULL, Object(Config\Cache), false)
#12 C:\xampp_CodeIgniter\htdocs\ecommerce\public\index.php(37): CodeIgniter\CodeIgniter->run()
#13 {main}
CRITICAL - 2022-05-12 05:33:51 --> array_flip(): Can only flip STRING and INTEGER values!
#0 [internal function]: CodeIgniter\Debug\Exceptions->errorHandler(2, 'array_flip(): C...', 'C:\\xampp_CodeIg...', 12, Array)
#1 C:\xampp_CodeIgniter\htdocs\ecommerce\app\Views\advertisement\components\searchbody.php(12): array_flip(Array)
#2 C:\xampp_CodeIgniter\htdocs\ecommerce\system\View\View.php(210): include('C:\\xampp_CodeIg...')
#3 C:\xampp_CodeIgniter\htdocs\ecommerce\system\View\View.php(213): CodeIgniter\View\View->CodeIgniter\View\{closure}()
#4 C:\xampp_CodeIgniter\htdocs\ecommerce\system\Common.php(1089): CodeIgniter\View\View->render('advertisement/c...', Array, true)
#5 C:\xampp_CodeIgniter\htdocs\ecommerce\app\Views\advertisement\searchindex.php(6): view('advertisement/c...', Array)
#6 C:\xampp_CodeIgniter\htdocs\ecommerce\system\View\View.php(210): include('C:\\xampp_CodeIg...')
#7 C:\xampp_CodeIgniter\htdocs\ecommerce\system\View\View.php(213): CodeIgniter\View\View->CodeIgniter\View\{closure}()
#8 C:\xampp_CodeIgniter\htdocs\ecommerce\system\Common.php(1089): CodeIgniter\View\View->render('advertisement/s...', Array, true)
#9 C:\xampp_CodeIgniter\htdocs\ecommerce\app\Controllers\Annunci.php(52): view('advertisement/s...', Array)
#10 C:\xampp_CodeIgniter\htdocs\ecommerce\system\CodeIgniter.php(832): App\Controllers\Annunci->index()
#11 C:\xampp_CodeIgniter\htdocs\ecommerce\system\CodeIgniter.php(419): CodeIgniter\CodeIgniter->runController(Object(App\Controllers\Annunci))
#12 C:\xampp_CodeIgniter\htdocs\ecommerce\system\CodeIgniter.php(326): CodeIgniter\CodeIgniter->handleRequest(NULL, Object(Config\Cache), false)
#13 C:\xampp_CodeIgniter\htdocs\ecommerce\public\index.php(37): CodeIgniter\CodeIgniter->run()
#14 {main}
CRITICAL - 2022-05-12 05:35:10 --> array_flip(): Can only flip STRING and INTEGER values!
#0 [internal function]: CodeIgniter\Debug\Exceptions->errorHandler(2, 'array_flip(): C...', 'C:\\xampp_CodeIg...', 15, Array)
#1 C:\xampp_CodeIgniter\htdocs\ecommerce\app\Views\advertisement\components\searchbody.php(15): array_flip(Array)
#2 C:\xampp_CodeIgniter\htdocs\ecommerce\system\View\View.php(210): include('C:\\xampp_CodeIg...')
#3 C:\xampp_CodeIgniter\htdocs\ecommerce\system\View\View.php(213): CodeIgniter\View\View->CodeIgniter\View\{closure}()
#4 C:\xampp_CodeIgniter\htdocs\ecommerce\system\Common.php(1089): CodeIgniter\View\View->render('advertisement/c...', Array, true)
#5 C:\xampp_CodeIgniter\htdocs\ecommerce\app\Views\advertisement\searchindex.php(6): view('advertisement/c...', Array)
#6 C:\xampp_CodeIgniter\htdocs\ecommerce\system\View\View.php(210): include('C:\\xampp_CodeIg...')
#7 C:\xampp_CodeIgniter\htdocs\ecommerce\system\View\View.php(213): CodeIgniter\View\View->CodeIgniter\View\{closure}()
#8 C:\xampp_CodeIgniter\htdocs\ecommerce\system\Common.php(1089): CodeIgniter\View\View->render('advertisement/s...', Array, true)
#9 C:\xampp_CodeIgniter\htdocs\ecommerce\app\Controllers\Annunci.php(52): view('advertisement/s...', Array)
#10 C:\xampp_CodeIgniter\htdocs\ecommerce\system\CodeIgniter.php(832): App\Controllers\Annunci->index()
#11 C:\xampp_CodeIgniter\htdocs\ecommerce\system\CodeIgniter.php(419): CodeIgniter\CodeIgniter->runController(Object(App\Controllers\Annunci))
#12 C:\xampp_CodeIgniter\htdocs\ecommerce\system\CodeIgniter.php(326): CodeIgniter\CodeIgniter->handleRequest(NULL, Object(Config\Cache), false)
#13 C:\xampp_CodeIgniter\htdocs\ecommerce\public\index.php(37): CodeIgniter\CodeIgniter->run()
#14 {main}
CRITICAL - 2022-05-12 05:35:14 --> array_flip(): Can only flip STRING and INTEGER values!
#0 [internal function]: CodeIgniter\Debug\Exceptions->errorHandler(2, 'array_flip(): C...', 'C:\\xampp_CodeIg...', 15, Array)
#1 C:\xampp_CodeIgniter\htdocs\ecommerce\app\Views\advertisement\components\searchbody.php(15): array_flip(Array)
#2 C:\xampp_CodeIgniter\htdocs\ecommerce\system\View\View.php(210): include('C:\\xampp_CodeIg...')
#3 C:\xampp_CodeIgniter\htdocs\ecommerce\system\View\View.php(213): CodeIgniter\View\View->CodeIgniter\View\{closure}()
#4 C:\xampp_CodeIgniter\htdocs\ecommerce\system\Common.php(1089): CodeIgniter\View\View->render('advertisement/c...', Array, true)
#5 C:\xampp_CodeIgniter\htdocs\ecommerce\app\Views\advertisement\searchindex.php(6): view('advertisement/c...', Array)
#6 C:\xampp_CodeIgniter\htdocs\ecommerce\system\View\View.php(210): include('C:\\xampp_CodeIg...')
#7 C:\xampp_CodeIgniter\htdocs\ecommerce\system\View\View.php(213): CodeIgniter\View\View->CodeIgniter\View\{closure}()
#8 C:\xampp_CodeIgniter\htdocs\ecommerce\system\Common.php(1089): CodeIgniter\View\View->render('advertisement/s...', Array, true)
#9 C:\xampp_CodeIgniter\htdocs\ecommerce\app\Controllers\Annunci.php(52): view('advertisement/s...', Array)
#10 C:\xampp_CodeIgniter\htdocs\ecommerce\system\CodeIgniter.php(832): App\Controllers\Annunci->index()
#11 C:\xampp_CodeIgniter\htdocs\ecommerce\system\CodeIgniter.php(419): CodeIgniter\CodeIgniter->runController(Object(App\Controllers\Annunci))
#12 C:\xampp_CodeIgniter\htdocs\ecommerce\system\CodeIgniter.php(326): CodeIgniter\CodeIgniter->handleRequest(NULL, Object(Config\Cache), false)
#13 C:\xampp_CodeIgniter\htdocs\ecommerce\public\index.php(37): CodeIgniter\CodeIgniter->run()
#14 {main}
CRITICAL - 2022-05-12 05:35:26 --> Undefined variable: prefe
#0 C:\xampp_CodeIgniter\htdocs\ecommerce\app\Views\advertisement\cardlarge.php(11): CodeIgniter\Debug\Exceptions->errorHandler(8, 'Undefined varia...', 'C:\\xampp_CodeIg...', 11, Array)
#1 C:\xampp_CodeIgniter\htdocs\ecommerce\system\View\View.php(210): include('C:\\xampp_CodeIg...')
#2 C:\xampp_CodeIgniter\htdocs\ecommerce\system\View\View.php(213): CodeIgniter\View\View->CodeIgniter\View\{closure}()
#3 C:\xampp_CodeIgniter\htdocs\ecommerce\system\Common.php(1089): CodeIgniter\View\View->render('advertisement/c...', Array, true)
#4 C:\xampp_CodeIgniter\htdocs\ecommerce\app\Views\advertisement\components\searchbody.php(17): view('advertisement/c...', Array)
#5 C:\xampp_CodeIgniter\htdocs\ecommerce\system\View\View.php(210): include('C:\\xampp_CodeIg...')
#6 C:\xampp_CodeIgniter\htdocs\ecommerce\system\View\View.php(213): CodeIgniter\View\View->CodeIgniter\View\{closure}()
#7 C:\xampp_CodeIgniter\htdocs\ecommerce\system\Common.php(1089): CodeIgniter\View\View->render('advertisement/c...', Array, true)
#8 C:\xampp_CodeIgniter\htdocs\ecommerce\app\Views\advertisement\searchindex.php(6): view('advertisement/c...', Array)
#9 C:\xampp_CodeIgniter\htdocs\ecommerce\system\View\View.php(210): include('C:\\xampp_CodeIg...')
#10 C:\xampp_CodeIgniter\htdocs\ecommerce\system\View\View.php(213): CodeIgniter\View\View->CodeIgniter\View\{closure}()
#11 C:\xampp_CodeIgniter\htdocs\ecommerce\system\Common.php(1089): CodeIgniter\View\View->render('advertisement/s...', Array, true)
#12 C:\xampp_CodeIgniter\htdocs\ecommerce\app\Controllers\Annunci.php(52): view('advertisement/s...', Array)
#13 C:\xampp_CodeIgniter\htdocs\ecommerce\system\CodeIgniter.php(832): App\Controllers\Annunci->index()
#14 C:\xampp_CodeIgniter\htdocs\ecommerce\system\CodeIgniter.php(419): CodeIgniter\CodeIgniter->runController(Object(App\Controllers\Annunci))
#15 C:\xampp_CodeIgniter\htdocs\ecommerce\system\CodeIgniter.php(326): CodeIgniter\CodeIgniter->handleRequest(NULL, Object(Config\Cache), false)
#16 C:\xampp_CodeIgniter\htdocs\ecommerce\public\index.php(37): CodeIgniter\CodeIgniter->run()
#17 {main}
CRITICAL - 2022-05-12 05:35:49 --> Undefined variable: prefe
#0 C:\xampp_CodeIgniter\htdocs\ecommerce\app\Views\advertisement\cardlarge.php(11): CodeIgniter\Debug\Exceptions->errorHandler(8, 'Undefined varia...', 'C:\\xampp_CodeIg...', 11, Array)
#1 C:\xampp_CodeIgniter\htdocs\ecommerce\system\View\View.php(210): include('C:\\xampp_CodeIg...')
#2 C:\xampp_CodeIgniter\htdocs\ecommerce\system\View\View.php(213): CodeIgniter\View\View->CodeIgniter\View\{closure}()
#3 C:\xampp_CodeIgniter\htdocs\ecommerce\system\Common.php(1089): CodeIgniter\View\View->render('advertisement/c...', Array, true)
#4 C:\xampp_CodeIgniter\htdocs\ecommerce\app\Views\advertisement\components\searchbody.php(17): view('advertisement/c...', Array)
#5 C:\xampp_CodeIgniter\htdocs\ecommerce\system\View\View.php(210): include('C:\\xampp_CodeIg...')
#6 C:\xampp_CodeIgniter\htdocs\ecommerce\system\View\View.php(213): CodeIgniter\View\View->CodeIgniter\View\{closure}()
#7 C:\xampp_CodeIgniter\htdocs\ecommerce\system\Common.php(1089): CodeIgniter\View\View->render('advertisement/c...', Array, true)
#8 C:\xampp_CodeIgniter\htdocs\ecommerce\app\Views\advertisement\searchindex.php(6): view('advertisement/c...', Array)
#9 C:\xampp_CodeIgniter\htdocs\ecommerce\system\View\View.php(210): include('C:\\xampp_CodeIg...')
#10 C:\xampp_CodeIgniter\htdocs\ecommerce\system\View\View.php(213): CodeIgniter\View\View->CodeIgniter\View\{closure}()
#11 C:\xampp_CodeIgniter\htdocs\ecommerce\system\Common.php(1089): CodeIgniter\View\View->render('advertisement/s...', Array, true)
#12 C:\xampp_CodeIgniter\htdocs\ecommerce\app\Controllers\Annunci.php(52): view('advertisement/s...', Array)
#13 C:\xampp_CodeIgniter\htdocs\ecommerce\system\CodeIgniter.php(832): App\Controllers\Annunci->index()
#14 C:\xampp_CodeIgniter\htdocs\ecommerce\system\CodeIgniter.php(419): CodeIgniter\CodeIgniter->runController(Object(App\Controllers\Annunci))
#15 C:\xampp_CodeIgniter\htdocs\ecommerce\system\CodeIgniter.php(326): CodeIgniter\CodeIgniter->handleRequest(NULL, Object(Config\Cache), false)
#16 C:\xampp_CodeIgniter\htdocs\ecommerce\public\index.php(37): CodeIgniter\CodeIgniter->run()
#17 {main}
ERROR - 2022-05-12 05:52:01 --> Duplicate entry '53-10' for key 'PRIMARY'
CRITICAL - 2022-05-12 05:52:01 --> Duplicate entry '53-10' for key 'PRIMARY'
#0 C:\xampp_CodeIgniter\htdocs\ecommerce\system\Database\MySQLi\Connection.php(292): mysqli->query('INSERT INTO `pr...', 0)
#1 C:\xampp_CodeIgniter\htdocs\ecommerce\system\Database\BaseConnection.php(670): CodeIgniter\Database\MySQLi\Connection->execute('INSERT INTO `pr...')
#2 C:\xampp_CodeIgniter\htdocs\ecommerce\system\Database\BaseConnection.php(598): CodeIgniter\Database\BaseConnection->simpleQuery('INSERT INTO `pr...')
#3 C:\xampp_CodeIgniter\htdocs\ecommerce\system\Database\BaseBuilder.php(1771): CodeIgniter\Database\BaseConnection->query('INSERT INTO `pr...', Array, false)
#4 C:\xampp_CodeIgniter\htdocs\ecommerce\system\Model.php(239): CodeIgniter\Database\BaseBuilder->insert()
#5 C:\xampp_CodeIgniter\htdocs\ecommerce\system\BaseModel.php(738): CodeIgniter\Model->doInsert(Array)
#6 C:\xampp_CodeIgniter\htdocs\ecommerce\system\Model.php(625): CodeIgniter\BaseModel->insert(Array, true)
#7 C:\xampp_CodeIgniter\htdocs\ecommerce\app\Controllers\Annunci.php(256): CodeIgniter\Model->insert(Array)
#8 C:\xampp_CodeIgniter\htdocs\ecommerce\system\CodeIgniter.php(832): App\Controllers\Annunci->aggiungipreferito('53')
#9 C:\xampp_CodeIgniter\htdocs\ecommerce\system\CodeIgniter.php(419): CodeIgniter\CodeIgniter->runController(Object(App\Controllers\Annunci))
#10 C:\xampp_CodeIgniter\htdocs\ecommerce\system\CodeIgniter.php(326): CodeIgniter\CodeIgniter->handleRequest(NULL, Object(Config\Cache), false)
#11 C:\xampp_CodeIgniter\htdocs\ecommerce\public\index.php(37): CodeIgniter\CodeIgniter->run()
#12 {main}
CRITICAL - 2022-05-12 05:58:20 --> syntax error, unexpected 'return' (T_RETURN)
#0 C:\xampp_CodeIgniter\htdocs\ecommerce\system\Router\Router.php(175): CodeIgniter\Router\Router->autoRoute('annunci/scheda/...')
#1 C:\xampp_CodeIgniter\htdocs\ecommerce\system\CodeIgniter.php(726): CodeIgniter\Router\Router->handle('annunci/scheda/...')
#2 C:\xampp_CodeIgniter\htdocs\ecommerce\system\CodeIgniter.php(368): CodeIgniter\CodeIgniter->tryToRouteIt(Object(CodeIgniter\Router\RouteCollection))
#3 C:\xampp_CodeIgniter\htdocs\ecommerce\system\CodeIgniter.php(326): CodeIgniter\CodeIgniter->handleRequest(NULL, Object(Config\Cache), false)
#4 C:\xampp_CodeIgniter\htdocs\ecommerce\public\index.php(37): CodeIgniter\CodeIgniter->run()
#5 {main}
CRITICAL - 2022-05-12 05:58:30 --> syntax error, unexpected 'return' (T_RETURN)
#0 C:\xampp_CodeIgniter\htdocs\ecommerce\system\Router\Router.php(175): CodeIgniter\Router\Router->autoRoute('annunci/scheda/...')
#1 C:\xampp_CodeIgniter\htdocs\ecommerce\system\CodeIgniter.php(726): CodeIgniter\Router\Router->handle('annunci/scheda/...')
#2 C:\xampp_CodeIgniter\htdocs\ecommerce\system\CodeIgniter.php(368): CodeIgniter\CodeIgniter->tryToRouteIt(Object(CodeIgniter\Router\RouteCollection))
#3 C:\xampp_CodeIgniter\htdocs\ecommerce\system\CodeIgniter.php(326): CodeIgniter\CodeIgniter->handleRequest(NULL, Object(Config\Cache), false)
#4 C:\xampp_CodeIgniter\htdocs\ecommerce\public\index.php(37): CodeIgniter\CodeIgniter->run()
#5 {main}
