CRITICAL - 2022-04-24 06:16:49 --> syntax error, unexpected '}', expecting '('
#0 C:\xampp_CodeIgniter\htdocs\ecommerce\system\Autoloader\Autoloader.php(241): CodeIgniter\Autoloader\Autoloader->includeFile('C:\\xampp_CodeIg...')
#1 C:\xampp_CodeIgniter\htdocs\ecommerce\system\Autoloader\Autoloader.php(219): CodeIgniter\Autoloader\Autoloader->loadInNamespace('App\\Models\\Annu...')
#2 [internal function]: CodeIgniter\Autoloader\Autoloader->loadClass('App\\Models\\Annu...')
#3 [internal function]: spl_autoload_call('App\\Models\\Annu...')
#4 C:\xampp_CodeIgniter\htdocs\ecommerce\system\Config\Factories.php(136): class_exists('App\\Models\\Annu...')
#5 C:\xampp_CodeIgniter\htdocs\ecommerce\system\Config\Factories.php(106): CodeIgniter\Config\Factories::locateClass(Array, 'AnnuncioModel')
#6 C:\xampp_CodeIgniter\htdocs\ecommerce\system\Common.php(780): CodeIgniter\Config\Factories::__callStatic('models', Array)
#7 C:\xampp_CodeIgniter\htdocs\ecommerce\app\Controllers\Home.php(28): model('AnnuncioModel')
#8 C:\xampp_CodeIgniter\htdocs\ecommerce\system\CodeIgniter.php(832): App\Controllers\Home->index()
#9 C:\xampp_CodeIgniter\htdocs\ecommerce\system\CodeIgniter.php(419): CodeIgniter\CodeIgniter->runController(Object(App\Controllers\Home))
#10 C:\xampp_CodeIgniter\htdocs\ecommerce\system\CodeIgniter.php(326): CodeIgniter\CodeIgniter->handleRequest(NULL, Object(Config\Cache), false)
#11 C:\xampp_CodeIgniter\htdocs\ecommerce\public\index.php(37): CodeIgniter\CodeIgniter->run()
#12 {main}
CRITICAL - 2022-04-24 06:17:40 --> Call to a member function limit() on array
#0 C:\xampp_CodeIgniter\htdocs\ecommerce\system\CodeIgniter.php(832): App\Controllers\Home->index()
#1 C:\xampp_CodeIgniter\htdocs\ecommerce\system\CodeIgniter.php(419): CodeIgniter\CodeIgniter->runController(Object(App\Controllers\Home))
#2 C:\xampp_CodeIgniter\htdocs\ecommerce\system\CodeIgniter.php(326): CodeIgniter\CodeIgniter->handleRequest(NULL, Object(Config\Cache), false)
#3 C:\xampp_CodeIgniter\htdocs\ecommerce\public\index.php(37): CodeIgniter\CodeIgniter->run()
#4 {main}
CRITICAL - 2022-04-24 06:23:24 --> Cannot access protected property CodeIgniter\Database\MySQLi\Builder::$db
#0 C:\xampp_CodeIgniter\htdocs\ecommerce\app\Controllers\Home.php(33): App\Models\AnnuncioModel->getAnnunciHome()
#1 C:\xampp_CodeIgniter\htdocs\ecommerce\system\CodeIgniter.php(832): App\Controllers\Home->index()
#2 C:\xampp_CodeIgniter\htdocs\ecommerce\system\CodeIgniter.php(419): CodeIgniter\CodeIgniter->runController(Object(App\Controllers\Home))
#3 C:\xampp_CodeIgniter\htdocs\ecommerce\system\CodeIgniter.php(326): CodeIgniter\CodeIgniter->handleRequest(NULL, Object(Config\Cache), false)
#4 C:\xampp_CodeIgniter\htdocs\ecommerce\public\index.php(37): CodeIgniter\CodeIgniter->run()
#5 {main}
CRITICAL - 2022-04-24 06:24:47 --> Cannot access protected property CodeIgniter\Database\MySQLi\Builder::$db
#0 C:\xampp_CodeIgniter\htdocs\ecommerce\app\Controllers\Home.php(33): App\Models\AnnuncioModel->getAnnunciHome()
#1 C:\xampp_CodeIgniter\htdocs\ecommerce\system\CodeIgniter.php(832): App\Controllers\Home->index()
#2 C:\xampp_CodeIgniter\htdocs\ecommerce\system\CodeIgniter.php(419): CodeIgniter\CodeIgniter->runController(Object(App\Controllers\Home))
#3 C:\xampp_CodeIgniter\htdocs\ecommerce\system\CodeIgniter.php(326): CodeIgniter\CodeIgniter->handleRequest(NULL, Object(Config\Cache), false)
#4 C:\xampp_CodeIgniter\htdocs\ecommerce\public\index.php(37): CodeIgniter\CodeIgniter->run()
#5 {main}
CRITICAL - 2022-04-24 06:24:49 --> Cannot access protected property CodeIgniter\Database\MySQLi\Builder::$db
#0 C:\xampp_CodeIgniter\htdocs\ecommerce\app\Controllers\Home.php(33): App\Models\AnnuncioModel->getAnnunciHome()
#1 C:\xampp_CodeIgniter\htdocs\ecommerce\system\CodeIgniter.php(832): App\Controllers\Home->index()
#2 C:\xampp_CodeIgniter\htdocs\ecommerce\system\CodeIgniter.php(419): CodeIgniter\CodeIgniter->runController(Object(App\Controllers\Home))
#3 C:\xampp_CodeIgniter\htdocs\ecommerce\system\CodeIgniter.php(326): CodeIgniter\CodeIgniter->handleRequest(NULL, Object(Config\Cache), false)
#4 C:\xampp_CodeIgniter\htdocs\ecommerce\public\index.php(37): CodeIgniter\CodeIgniter->run()
#5 {main}
CRITICAL - 2022-04-24 06:33:28 --> Argument 2 passed to view() must be of the type array, object given, called in C:\xampp_CodeIgniter\htdocs\ecommerce\app\Views\home_page.php on line 38
#0 C:\xampp_CodeIgniter\htdocs\ecommerce\app\Views\home_page.php(38): view('advertisement/c...', Object(mysqli))
#1 C:\xampp_CodeIgniter\htdocs\ecommerce\system\View\View.php(210): include('C:\\xampp_CodeIg...')
#2 C:\xampp_CodeIgniter\htdocs\ecommerce\system\View\View.php(213): CodeIgniter\View\View->CodeIgniter\View\{closure}()
#3 C:\xampp_CodeIgniter\htdocs\ecommerce\system\Common.php(1089): CodeIgniter\View\View->render('home_page', Array, true)
#4 C:\xampp_CodeIgniter\htdocs\ecommerce\app\Controllers\Home.php(36): view('home_page', Array)
#5 C:\xampp_CodeIgniter\htdocs\ecommerce\system\CodeIgniter.php(832): App\Controllers\Home->index()
#6 C:\xampp_CodeIgniter\htdocs\ecommerce\system\CodeIgniter.php(419): CodeIgniter\CodeIgniter->runController(Object(App\Controllers\Home))
#7 C:\xampp_CodeIgniter\htdocs\ecommerce\system\CodeIgniter.php(326): CodeIgniter\CodeIgniter->handleRequest(NULL, Object(Config\Cache), false)
#8 C:\xampp_CodeIgniter\htdocs\ecommerce\public\index.php(37): CodeIgniter\CodeIgniter->run()
#9 {main}
CRITICAL - 2022-04-24 06:33:30 --> Argument 2 passed to view() must be of the type array, object given, called in C:\xampp_CodeIgniter\htdocs\ecommerce\app\Views\home_page.php on line 38
#0 C:\xampp_CodeIgniter\htdocs\ecommerce\app\Views\home_page.php(38): view('advertisement/c...', Object(mysqli))
#1 C:\xampp_CodeIgniter\htdocs\ecommerce\system\View\View.php(210): include('C:\\xampp_CodeIg...')
#2 C:\xampp_CodeIgniter\htdocs\ecommerce\system\View\View.php(213): CodeIgniter\View\View->CodeIgniter\View\{closure}()
#3 C:\xampp_CodeIgniter\htdocs\ecommerce\system\Common.php(1089): CodeIgniter\View\View->render('home_page', Array, true)
#4 C:\xampp_CodeIgniter\htdocs\ecommerce\app\Controllers\Home.php(36): view('home_page', Array)
#5 C:\xampp_CodeIgniter\htdocs\ecommerce\system\CodeIgniter.php(832): App\Controllers\Home->index()
#6 C:\xampp_CodeIgniter\htdocs\ecommerce\system\CodeIgniter.php(419): CodeIgniter\CodeIgniter->runController(Object(App\Controllers\Home))
#7 C:\xampp_CodeIgniter\htdocs\ecommerce\system\CodeIgniter.php(326): CodeIgniter\CodeIgniter->handleRequest(NULL, Object(Config\Cache), false)
#8 C:\xampp_CodeIgniter\htdocs\ecommerce\public\index.php(37): CodeIgniter\CodeIgniter->run()
#9 {main}
CRITICAL - 2022-04-24 06:35:57 --> Call to undefined method CodeIgniter\Database\MySQLi\Result::result_array()
#0 C:\xampp_CodeIgniter\htdocs\ecommerce\app\Controllers\Home.php(33): App\Models\AnnuncioModel->getAnnunciHome()
#1 C:\xampp_CodeIgniter\htdocs\ecommerce\system\CodeIgniter.php(832): App\Controllers\Home->index()
#2 C:\xampp_CodeIgniter\htdocs\ecommerce\system\CodeIgniter.php(419): CodeIgniter\CodeIgniter->runController(Object(App\Controllers\Home))
#3 C:\xampp_CodeIgniter\htdocs\ecommerce\system\CodeIgniter.php(326): CodeIgniter\CodeIgniter->handleRequest(NULL, Object(Config\Cache), false)
#4 C:\xampp_CodeIgniter\htdocs\ecommerce\public\index.php(37): CodeIgniter\CodeIgniter->run()
#5 {main}
CRITICAL - 2022-04-24 06:38:49 --> Call to protected method CodeIgniter\Database\MySQLi\Result::fetchAssoc() from context 'App\Models\AnnuncioModel'
#0 C:\xampp_CodeIgniter\htdocs\ecommerce\app\Controllers\Home.php(33): App\Models\AnnuncioModel->getAnnunciHome()
#1 C:\xampp_CodeIgniter\htdocs\ecommerce\system\CodeIgniter.php(832): App\Controllers\Home->index()
#2 C:\xampp_CodeIgniter\htdocs\ecommerce\system\CodeIgniter.php(419): CodeIgniter\CodeIgniter->runController(Object(App\Controllers\Home))
#3 C:\xampp_CodeIgniter\htdocs\ecommerce\system\CodeIgniter.php(326): CodeIgniter\CodeIgniter->handleRequest(NULL, Object(Config\Cache), false)
#4 C:\xampp_CodeIgniter\htdocs\ecommerce\public\index.php(37): CodeIgniter\CodeIgniter->run()
#5 {main}
CRITICAL - 2022-04-24 11:13:32 --> syntax error, unexpected '1' (T_LNUMBER), expecting variable (T_VARIABLE) or '{' or '$'
#0 C:\xampp_CodeIgniter\htdocs\ecommerce\system\Router\Router.php(175): CodeIgniter\Router\Router->autoRoute('annunci/scheda/...')
#1 C:\xampp_CodeIgniter\htdocs\ecommerce\system\CodeIgniter.php(726): CodeIgniter\Router\Router->handle('annunci/scheda/...')
#2 C:\xampp_CodeIgniter\htdocs\ecommerce\system\CodeIgniter.php(368): CodeIgniter\CodeIgniter->tryToRouteIt(Object(CodeIgniter\Router\RouteCollection))
#3 C:\xampp_CodeIgniter\htdocs\ecommerce\system\CodeIgniter.php(326): CodeIgniter\CodeIgniter->handleRequest(NULL, Object(Config\Cache), false)
#4 C:\xampp_CodeIgniter\htdocs\ecommerce\public\index.php(37): CodeIgniter\CodeIgniter->run()
#5 {main}
CRITICAL - 2022-04-24 11:14:41 --> Undefined property: App\Controllers\Annunci::$input
#0 C:\xampp_CodeIgniter\htdocs\ecommerce\app\Controllers\Annunci.php(156): CodeIgniter\Debug\Exceptions->errorHandler(8, 'Undefined prope...', 'C:\\xampp_CodeIg...', 156, Array)
#1 C:\xampp_CodeIgniter\htdocs\ecommerce\system\CodeIgniter.php(832): App\Controllers\Annunci->scheda('53')
#2 C:\xampp_CodeIgniter\htdocs\ecommerce\system\CodeIgniter.php(419): CodeIgniter\CodeIgniter->runController(Object(App\Controllers\Annunci))
#3 C:\xampp_CodeIgniter\htdocs\ecommerce\system\CodeIgniter.php(326): CodeIgniter\CodeIgniter->handleRequest(NULL, Object(Config\Cache), false)
#4 C:\xampp_CodeIgniter\htdocs\ecommerce\public\index.php(37): CodeIgniter\CodeIgniter->run()
#5 {main}
CRITICAL - 2022-04-24 11:30:16 --> syntax error, unexpected ']'
#0 C:\xampp_CodeIgniter\htdocs\ecommerce\system\Router\Router.php(175): CodeIgniter\Router\Router->autoRoute('annunci/scheda/...')
#1 C:\xampp_CodeIgniter\htdocs\ecommerce\system\CodeIgniter.php(726): CodeIgniter\Router\Router->handle('annunci/scheda/...')
#2 C:\xampp_CodeIgniter\htdocs\ecommerce\system\CodeIgniter.php(368): CodeIgniter\CodeIgniter->tryToRouteIt(Object(CodeIgniter\Router\RouteCollection))
#3 C:\xampp_CodeIgniter\htdocs\ecommerce\system\CodeIgniter.php(326): CodeIgniter\CodeIgniter->handleRequest(NULL, Object(Config\Cache), false)
#4 C:\xampp_CodeIgniter\htdocs\ecommerce\public\index.php(37): CodeIgniter\CodeIgniter->run()
#5 {main}
CRITICAL - 2022-04-24 11:30:38 --> Undefined index: titolo
#0 C:\xampp_CodeIgniter\htdocs\ecommerce\app\Controllers\Annunci.php(183): CodeIgniter\Debug\Exceptions->errorHandler(8, 'Undefined index...', 'C:\\xampp_CodeIg...', 183, Array)
#1 C:\xampp_CodeIgniter\htdocs\ecommerce\system\CodeIgniter.php(832): App\Controllers\Annunci->scheda('53')
#2 C:\xampp_CodeIgniter\htdocs\ecommerce\system\CodeIgniter.php(419): CodeIgniter\CodeIgniter->runController(Object(App\Controllers\Annunci))
#3 C:\xampp_CodeIgniter\htdocs\ecommerce\system\CodeIgniter.php(326): CodeIgniter\CodeIgniter->handleRequest(NULL, Object(Config\Cache), false)
#4 C:\xampp_CodeIgniter\htdocs\ecommerce\public\index.php(37): CodeIgniter\CodeIgniter->run()
#5 {main}
CRITICAL - 2022-04-24 11:34:07 --> Invalid file: advertisement/details/body.php
#0 C:\xampp_CodeIgniter\htdocs\ecommerce\system\View\View.php(198): CodeIgniter\Exceptions\FrameworkException::forInvalidFile('advertisement/d...')
#1 C:\xampp_CodeIgniter\htdocs\ecommerce\system\Common.php(1089): CodeIgniter\View\View->render('advertisement/d...', Array, true)
#2 C:\xampp_CodeIgniter\htdocs\ecommerce\app\Controllers\Annunci.php(197): view('advertisement/d...')
#3 C:\xampp_CodeIgniter\htdocs\ecommerce\system\CodeIgniter.php(832): App\Controllers\Annunci->scheda('53')
#4 C:\xampp_CodeIgniter\htdocs\ecommerce\system\CodeIgniter.php(419): CodeIgniter\CodeIgniter->runController(Object(App\Controllers\Annunci))
#5 C:\xampp_CodeIgniter\htdocs\ecommerce\system\CodeIgniter.php(326): CodeIgniter\CodeIgniter->handleRequest(NULL, Object(Config\Cache), false)
#6 C:\xampp_CodeIgniter\htdocs\ecommerce\public\index.php(37): CodeIgniter\CodeIgniter->run()
#7 {main}
CRITICAL - 2022-04-24 12:04:38 --> Undefined variable: comune
#0 C:\xampp_CodeIgniter\htdocs\ecommerce\app\Views\advertisement\details\body.php(9): CodeIgniter\Debug\Exceptions->errorHandler(8, 'Undefined varia...', 'C:\\xampp_CodeIg...', 9, Array)
#1 C:\xampp_CodeIgniter\htdocs\ecommerce\system\View\View.php(210): include('C:\\xampp_CodeIg...')
#2 C:\xampp_CodeIgniter\htdocs\ecommerce\system\View\View.php(213): CodeIgniter\View\View->CodeIgniter\View\{closure}()
#3 C:\xampp_CodeIgniter\htdocs\ecommerce\system\Common.php(1089): CodeIgniter\View\View->render('advertisement/d...', Array, true)
#4 C:\xampp_CodeIgniter\htdocs\ecommerce\app\Controllers\Annunci.php(197): view('advertisement/d...', Array)
#5 C:\xampp_CodeIgniter\htdocs\ecommerce\system\CodeIgniter.php(832): App\Controllers\Annunci->scheda('52')
#6 C:\xampp_CodeIgniter\htdocs\ecommerce\system\CodeIgniter.php(419): CodeIgniter\CodeIgniter->runController(Object(App\Controllers\Annunci))
#7 C:\xampp_CodeIgniter\htdocs\ecommerce\system\CodeIgniter.php(326): CodeIgniter\CodeIgniter->handleRequest(NULL, Object(Config\Cache), false)
#8 C:\xampp_CodeIgniter\htdocs\ecommerce\public\index.php(37): CodeIgniter\CodeIgniter->run()
#9 {main}
CRITICAL - 2022-04-24 12:36:52 --> syntax error, unexpected '}', expecting ';' or ','
#0 C:\xampp_CodeIgniter\htdocs\ecommerce\system\View\View.php(213): CodeIgniter\View\View->CodeIgniter\View\{closure}()
#1 C:\xampp_CodeIgniter\htdocs\ecommerce\system\Common.php(1089): CodeIgniter\View\View->render('advertisement/d...', Array, true)
#2 C:\xampp_CodeIgniter\htdocs\ecommerce\app\Controllers\Annunci.php(197): view('advertisement/d...', Array)
#3 C:\xampp_CodeIgniter\htdocs\ecommerce\system\CodeIgniter.php(832): App\Controllers\Annunci->scheda('1')
#4 C:\xampp_CodeIgniter\htdocs\ecommerce\system\CodeIgniter.php(419): CodeIgniter\CodeIgniter->runController(Object(App\Controllers\Annunci))
#5 C:\xampp_CodeIgniter\htdocs\ecommerce\system\CodeIgniter.php(326): CodeIgniter\CodeIgniter->handleRequest(NULL, Object(Config\Cache), false)
#6 C:\xampp_CodeIgniter\htdocs\ecommerce\public\index.php(37): CodeIgniter\CodeIgniter->run()
#7 {main}
